running egg_info
writing ..\..\build\sphero\sphero.egg-info\PKG-INFO
writing dependency_links to ..\..\build\sphero\sphero.egg-info\dependency_links.txt
writing entry points to ..\..\build\sphero\sphero.egg-info\entry_points.txt
writing requirements to ..\..\build\sphero\sphero.egg-info\requires.txt
writing top-level names to ..\..\build\sphero\sphero.egg-info\top_level.txt
reading manifest file '..\..\build\sphero\sphero.egg-info\SOURCES.txt'
writing manifest file '..\..\build\sphero\sphero.egg-info\SOURCES.txt'
running build
running build_py
copying sphero\move.py -> C:\mmi_ws\ros2_ws\build\sphero\build\lib\sphero
copying sphero\testserial.py -> C:\mmi_ws\ros2_ws\build\sphero\build\lib\sphero
copying sphero\__init__.py -> C:\mmi_ws\ros2_ws\build\sphero\build\lib\sphero
running install
running install_lib
copying C:\mmi_ws\ros2_ws\build\sphero\build\lib\sphero\move.py -> C:\mmi_ws\ros2_ws\install\sphero\Lib\site-packages\sphero
copying C:\mmi_ws\ros2_ws\build\sphero\build\lib\sphero\testserial.py -> C:\mmi_ws\ros2_ws\install\sphero\Lib\site-packages\sphero
copying C:\mmi_ws\ros2_ws\build\sphero\build\lib\sphero\__init__.py -> C:\mmi_ws\ros2_ws\install\sphero\Lib\site-packages\sphero
byte-compiling C:\mmi_ws\ros2_ws\install\sphero\Lib\site-packages\sphero\move.py to move.cpython-38.pyc
byte-compiling C:\mmi_ws\ros2_ws\install\sphero\Lib\site-packages\sphero\testserial.py to testserial.cpython-38.pyc
byte-compiling C:\mmi_ws\ros2_ws\install\sphero\Lib\site-packages\sphero\__init__.py to __init__.cpython-38.pyc
running install_data
copying resource\sphero -> C:\mmi_ws\ros2_ws\install\sphero\share\ament_index\resource_index\packages
copying package.xml -> C:\mmi_ws\ros2_ws\install\sphero\share\sphero
running install_egg_info
removing 'C:\mmi_ws\ros2_ws\install\sphero\Lib\site-packages\sphero-0.0.0-py3.8.egg-info' (and everything under it)
Copying ..\..\build\sphero\sphero.egg-info to C:\mmi_ws\ros2_ws\install\sphero\Lib\site-packages\sphero-0.0.0-py3.8.egg-info
running install_scripts
Installing sphero-script.py script to C:\mmi_ws\ros2_ws\install\sphero\lib\sphero
Installing sphero.exe script to C:\mmi_ws\ros2_ws\install\sphero\lib\sphero
writing list of installed files to 'C:\mmi_ws\ros2_ws\build\sphero\install.log'
