[1.042s] [34mcolcon[0m [1;30mDEBUG[0m [32mCommand line arguments: ['C:\\Python38\\Scripts\\colcon', 'build'][0m
[1.042s] [34mcolcon[0m [1;30mDEBUG[0m [32mParsed command line arguments: Namespace(ament_cmake_args=None, base_paths=['.'], build_base='build', catkin_cmake_args=None, catkin_skip_building_tests=False, cmake_args=None, cmake_clean_cache=False, cmake_clean_first=False, cmake_force_configure=False, cmake_target=None, cmake_target_skip_unavailable=False, continue_on_error=False, event_handlers=None, executor='parallel', ignore_user_meta=False, install_base='install', log_base=None, log_level=None, main=<bound method BuildVerb.main of <colcon_core.verb.build.BuildVerb object at 0x0000020BF2ECD7F0>>, merge_install=False, metas=['./colcon.meta'], packages_above=None, packages_above_and_dependencies=None, packages_above_depth=None, packages_end=None, packages_ignore=None, packages_ignore_regex=None, packages_select=None, packages_select_build_failed=False, packages_select_by_dep=None, packages_select_regex=None, packages_select_test_failures=False, packages_skip=None, packages_skip_build_finished=False, packages_skip_by_dep=None, packages_skip_regex=None, packages_skip_test_passed=False, packages_skip_up_to=None, packages_start=None, packages_up_to=None, packages_up_to_regex=None, parallel_workers=20, paths=None, symlink_install=False, test_result_base=None, verb_extension=<colcon_core.verb.build.BuildVerb object at 0x0000020BF2ECD7F0>, verb_name='build', verb_parser=<colcon_defaults.argument_parser.defaults.DefaultArgumentsDecorator object at 0x0000020BF32D8700>)[0m
[1.145s] [34mcolcon.colcon_core.package_discovery[0m [1;30mLevel 1[0m discover_packages(colcon_meta) check parameters
[1.145s] [34mcolcon.colcon_core.package_discovery[0m [1;30mLevel 1[0m discover_packages(recursive) check parameters
[1.145s] [34mcolcon.colcon_core.package_discovery[0m [1;30mLevel 1[0m discover_packages(ignore) check parameters
[1.145s] [34mcolcon.colcon_core.package_discovery[0m [1;30mLevel 1[0m discover_packages(path) check parameters
[1.145s] [34mcolcon.colcon_core.package_discovery[0m [1;30mLevel 1[0m discover_packages(colcon_meta) discover
[1.145s] [34mcolcon.colcon_core.package_discovery[0m [1;30mLevel 1[0m discover_packages(recursive) discover
[1.145s] [34mcolcon.colcon_core.package_discovery[0m [1;30mINFO[0m Crawling recursively for packages in 'C:\mmi_ws\ros2_ws\src\irpublisher'
[1.145s] [34mcolcon.colcon_core.package_identification[0m [1;30mLevel 1[0m _identify(.) by extensions ['ignore', 'ignore_ament_install']
[1.145s] [34mcolcon.colcon_core.package_identification[0m [1;30mLevel 1[0m _identify(.) by extension 'ignore'
[1.145s] [34mcolcon.colcon_core.package_identification[0m [1;30mLevel 1[0m _identify(.) by extension 'ignore_ament_install'
[1.145s] [34mcolcon.colcon_core.package_identification[0m [1;30mLevel 1[0m _identify(.) by extensions ['colcon_pkg']
[1.145s] [34mcolcon.colcon_core.package_identification[0m [1;30mLevel 1[0m _identify(.) by extension 'colcon_pkg'
[1.145s] [34mcolcon.colcon_core.package_identification[0m [1;30mLevel 1[0m _identify(.) by extensions ['colcon_meta']
[1.145s] [34mcolcon.colcon_core.package_identification[0m [1;30mLevel 1[0m _identify(.) by extension 'colcon_meta'
[1.145s] [34mcolcon.colcon_core.package_identification[0m [1;30mLevel 1[0m _identify(.) by extensions ['ros']
[1.145s] [34mcolcon.colcon_core.package_identification[0m [1;30mLevel 1[0m _identify(.) by extension 'ros'
[1.157s] [34mcolcon.colcon_core.package_identification[0m [1;30mLevel 1[0m _identify(.) by extensions ['cmake', 'python']
[1.157s] [34mcolcon.colcon_core.package_identification[0m [1;30mLevel 1[0m _identify(.) by extension 'cmake'
[1.157s] [34mcolcon.colcon_core.package_identification[0m [1;30mLevel 1[0m _identify(.) by extension 'python'
[1.157s] [34mcolcon.colcon_core.package_identification[0m [1;30mLevel 1[0m _identify(.) by extensions ['python_setup_py']
[1.157s] [34mcolcon.colcon_core.package_identification[0m [1;30mLevel 1[0m _identify(.) by extension 'python_setup_py'
[1.158s] [34mcolcon.colcon_core.package_identification[0m [1;30mLevel 1[0m _identify(build) by extensions ['ignore', 'ignore_ament_install']
[1.158s] [34mcolcon.colcon_core.package_identification[0m [1;30mLevel 1[0m _identify(build) by extension 'ignore'
[1.158s] [34mcolcon.colcon_core.package_identification[0m [1;30mLevel 1[0m _identify(build) ignored
[1.159s] [34mcolcon.colcon_core.package_identification[0m [1;30mLevel 1[0m _identify(install) by extensions ['ignore', 'ignore_ament_install']
[1.159s] [34mcolcon.colcon_core.package_identification[0m [1;30mLevel 1[0m _identify(install) by extension 'ignore'
[1.159s] [34mcolcon.colcon_core.package_identification[0m [1;30mLevel 1[0m _identify(install) ignored
[1.159s] [34mcolcon.colcon_core.package_identification[0m [1;30mLevel 1[0m _identify(irpublisher) by extensions ['ignore', 'ignore_ament_install']
[1.159s] [34mcolcon.colcon_core.package_identification[0m [1;30mLevel 1[0m _identify(irpublisher) by extension 'ignore'
[1.159s] [34mcolcon.colcon_core.package_identification[0m [1;30mLevel 1[0m _identify(irpublisher) by extension 'ignore_ament_install'
[1.159s] [34mcolcon.colcon_core.package_identification[0m [1;30mLevel 1[0m _identify(irpublisher) by extensions ['colcon_pkg']
[1.159s] [34mcolcon.colcon_core.package_identification[0m [1;30mLevel 1[0m _identify(irpublisher) by extension 'colcon_pkg'
[1.159s] [34mcolcon.colcon_core.package_identification[0m [1;30mLevel 1[0m _identify(irpublisher) by extensions ['colcon_meta']
[1.159s] [34mcolcon.colcon_core.package_identification[0m [1;30mLevel 1[0m _identify(irpublisher) by extension 'colcon_meta'
[1.159s] [34mcolcon.colcon_core.package_identification[0m [1;30mLevel 1[0m _identify(irpublisher) by extensions ['ros']
[1.159s] [34mcolcon.colcon_core.package_identification[0m [1;30mLevel 1[0m _identify(irpublisher) by extension 'ros'
[1.163s] [34mcolcon.colcon_core.package_identification[0m [1;30mDEBUG[0m [32mPackage 'irpublisher' with type 'ros.ament_python' and name 'irpublisher'[0m
[1.163s] [34mcolcon.colcon_core.package_identification[0m [1;30mLevel 1[0m _identify(log) by extensions ['ignore', 'ignore_ament_install']
[1.163s] [34mcolcon.colcon_core.package_identification[0m [1;30mLevel 1[0m _identify(log) by extension 'ignore'
[1.163s] [34mcolcon.colcon_core.package_identification[0m [1;30mLevel 1[0m _identify(log) ignored
[1.163s] [34mcolcon.colcon_core.package_discovery[0m [1;30mLevel 1[0m discover_packages(recursive) using defaults
[1.163s] [34mcolcon.colcon_core.package_discovery[0m [1;30mLevel 1[0m discover_packages(ignore) discover
[1.163s] [34mcolcon.colcon_core.package_discovery[0m [1;30mLevel 1[0m discover_packages(ignore) using defaults
[1.163s] [34mcolcon.colcon_core.package_discovery[0m [1;30mLevel 1[0m discover_packages(path) discover
[1.163s] [34mcolcon.colcon_core.package_discovery[0m [1;30mLevel 1[0m discover_packages(path) using defaults
[1.350s] [34mcolcon.colcon_core.verb[0m [1;30mLevel 5[0m set package 'irpublisher' build argument 'cmake_args' from command line to 'None'
[1.350s] [34mcolcon.colcon_core.verb[0m [1;30mLevel 5[0m set package 'irpublisher' build argument 'cmake_target' from command line to 'None'
[1.350s] [34mcolcon.colcon_core.verb[0m [1;30mLevel 5[0m set package 'irpublisher' build argument 'cmake_target_skip_unavailable' from command line to 'False'
[1.351s] [34mcolcon.colcon_core.verb[0m [1;30mLevel 5[0m set package 'irpublisher' build argument 'cmake_clean_cache' from command line to 'False'
[1.351s] [34mcolcon.colcon_core.verb[0m [1;30mLevel 5[0m set package 'irpublisher' build argument 'cmake_clean_first' from command line to 'False'
[1.351s] [34mcolcon.colcon_core.verb[0m [1;30mLevel 5[0m set package 'irpublisher' build argument 'cmake_force_configure' from command line to 'False'
[1.351s] [34mcolcon.colcon_core.verb[0m [1;30mLevel 5[0m set package 'irpublisher' build argument 'ament_cmake_args' from command line to 'None'
[1.351s] [34mcolcon.colcon_core.verb[0m [1;30mLevel 5[0m set package 'irpublisher' build argument 'catkin_cmake_args' from command line to 'None'
[1.351s] [34mcolcon.colcon_core.verb[0m [1;30mLevel 5[0m set package 'irpublisher' build argument 'catkin_skip_building_tests' from command line to 'False'
[1.351s] [34mcolcon.colcon_core.verb[0m [1;30mDEBUG[0m [32mBuilding package 'irpublisher' with the following arguments: {'ament_cmake_args': None, 'build_base': 'C:\\mmi_ws\\ros2_ws\\src\\irpublisher\\build\\irpublisher', 'catkin_cmake_args': None, 'catkin_skip_building_tests': False, 'cmake_args': None, 'cmake_clean_cache': False, 'cmake_clean_first': False, 'cmake_force_configure': False, 'cmake_target': None, 'cmake_target_skip_unavailable': False, 'install_base': 'C:\\mmi_ws\\ros2_ws\\src\\irpublisher\\install\\irpublisher', 'merge_install': False, 'path': 'C:\\mmi_ws\\ros2_ws\\src\\irpublisher\\irpublisher', 'symlink_install': False, 'test_result_base': None}[0m
[1.375s] [34mcolcon.colcon_core.executor[0m [1;30mINFO[0m Executing jobs using 'parallel' executor
[1.411s] [34mcolcon.colcon_parallel_executor.executor.parallel[0m [1;30mDEBUG[0m [32mrun_until_complete[0m
[1.411s] [34mcolcon.colcon_ros.task.ament_python.build[0m [1;30mINFO[0m Building ROS package in 'C:\mmi_ws\ros2_ws\src\irpublisher\irpublisher' with build type 'ament_python'
[1.411s] [34mcolcon.colcon_core.shell[0m [1;30mLevel 1[0m create_environment_hook('irpublisher', 'ament_prefix_path')
[1.451s] [34mcolcon.colcon_core.plugin_system[0m [1;30mINFO[0m Skipping extension 'colcon_core.shell.sh': Not used on Windows systems
[1.451s] [34mcolcon.colcon_core.shell[0m [1;30mINFO[0m Creating environment hook 'C:\mmi_ws\ros2_ws\src\irpublisher\install\irpublisher\share\irpublisher\hook\ament_prefix_path.ps1'
[1.454s] [34mcolcon.colcon_core.shell[0m [1;30mINFO[0m Creating environment hook 'C:\mmi_ws\ros2_ws\src\irpublisher\install\irpublisher\share\irpublisher\hook\ament_prefix_path.bat'
[1.455s] [34mcolcon.colcon_core.shell[0m [1;30mINFO[0m Creating environment descriptor 'C:\mmi_ws\ros2_ws\src\irpublisher\install\irpublisher\share\irpublisher\hook\ament_prefix_path.dsv'
[2.211s] [34mcolcon.colcon_core.task.python.build[0m [1;30mINFO[0m Building Python package in 'C:\mmi_ws\ros2_ws\src\irpublisher\irpublisher'
[3.017s] [34mcolcon.colcon_core.event_handler.log_command[0m [1;30mDEBUG[0m [32mInvoking command in 'C:\mmi_ws\ros2_ws\src\irpublisher\irpublisher': PYTHONPATH=C:\mmi_ws\ros2_ws\src\irpublisher\build\irpublisher\prefix_override;C:\mmi_ws\ros2_ws\src\irpublisher\install\irpublisher\Lib\site-packages;%PYTHONPATH% c:\python38\python.exe setup.py egg_info --egg-base ..\build\irpublisher build --build-base C:\mmi_ws\ros2_ws\src\irpublisher\build\irpublisher\build install --record C:\mmi_ws\ros2_ws\src\irpublisher\build\irpublisher\install.log --single-version-externally-managed[0m
[3.538s] [34mcolcon.colcon_core.event_handler.log_command[0m [1;30mDEBUG[0m [32mInvoked command in 'C:\mmi_ws\ros2_ws\src\irpublisher\irpublisher' returned '0': PYTHONPATH=C:\mmi_ws\ros2_ws\src\irpublisher\build\irpublisher\prefix_override;C:\mmi_ws\ros2_ws\src\irpublisher\install\irpublisher\Lib\site-packages;%PYTHONPATH% c:\python38\python.exe setup.py egg_info --egg-base ..\build\irpublisher build --build-base C:\mmi_ws\ros2_ws\src\irpublisher\build\irpublisher\build install --record C:\mmi_ws\ros2_ws\src\irpublisher\build\irpublisher\install.log --single-version-externally-managed[0m
[3.579s] [34mcolcon.colcon_core.environment[0m [1;30mLevel 1[0m checking 'C:\mmi_ws\ros2_ws\src\irpublisher\install\irpublisher' for CMake module files
[3.579s] [34mcolcon.colcon_core.environment[0m [1;30mLevel 1[0m checking 'C:\mmi_ws\ros2_ws\src\irpublisher\install\irpublisher' for CMake config files
[3.580s] [34mcolcon.colcon_core.environment[0m [1;30mLevel 1[0m checking 'C:\mmi_ws\ros2_ws\src\irpublisher\install\irpublisher\bin'
[3.580s] [34mcolcon.colcon_core.environment[0m [1;30mLevel 1[0m checking 'C:\mmi_ws\ros2_ws\src\irpublisher\install\irpublisher\bin'
[3.580s] [34mcolcon.colcon_core.environment[0m [1;30mLevel 1[0m checking 'C:\mmi_ws\ros2_ws\src\irpublisher\install\irpublisher\lib\pkgconfig\irpublisher.pc'
[3.580s] [34mcolcon.colcon_core.environment[0m [1;30mLevel 1[0m checking 'C:\mmi_ws\ros2_ws\src\irpublisher\install\irpublisher\Lib\site-packages'
[3.580s] [34mcolcon.colcon_core.shell[0m [1;30mLevel 1[0m create_environment_hook('irpublisher', 'pythonpath')
[3.611s] [34mcolcon.colcon_core.shell[0m [1;30mINFO[0m Creating environment hook 'C:\mmi_ws\ros2_ws\src\irpublisher\install\irpublisher\share\irpublisher\hook\pythonpath.ps1'
[3.611s] [34mcolcon.colcon_core.shell[0m [1;30mINFO[0m Creating environment hook 'C:\mmi_ws\ros2_ws\src\irpublisher\install\irpublisher\share\irpublisher\hook\pythonpath.bat'
[3.611s] [34mcolcon.colcon_core.shell[0m [1;30mINFO[0m Creating environment descriptor 'C:\mmi_ws\ros2_ws\src\irpublisher\install\irpublisher\share\irpublisher\hook\pythonpath.dsv'
[3.616s] [34mcolcon.colcon_core.environment[0m [1;30mLevel 1[0m checking 'C:\mmi_ws\ros2_ws\src\irpublisher\install\irpublisher\Scripts'
[3.616s] [34mcolcon.colcon_core.environment[0m [1;30mLevel 1[0m create_environment_scripts_only(irpublisher)
[3.647s] [34mcolcon.colcon_core.shell[0m [1;30mINFO[0m Creating package script 'C:\mmi_ws\ros2_ws\src\irpublisher\install\irpublisher\share\irpublisher\package.ps1'
[3.647s] [34mcolcon.colcon_core.shell[0m [1;30mINFO[0m Creating package script 'C:\mmi_ws\ros2_ws\src\irpublisher\install\irpublisher\share\irpublisher\package.bat'
[3.653s] [34mcolcon.colcon_core.shell[0m [1;30mINFO[0m Creating package descriptor 'C:\mmi_ws\ros2_ws\src\irpublisher\install\irpublisher\share\irpublisher\package.dsv'
[3.653s] [34mcolcon.colcon_core.environment[0m [1;30mLevel 1[0m create_file_with_runtime_dependencies(C:\mmi_ws\ros2_ws\src\irpublisher\install\irpublisher\share\colcon-core\packages\irpublisher)
[3.653s] [34mcolcon.colcon_parallel_executor.executor.parallel[0m [1;30mDEBUG[0m [32mclosing loop[0m
[3.653s] [34mcolcon.colcon_parallel_executor.executor.parallel[0m [1;30mDEBUG[0m [32mloop closed[0m
[3.653s] [34mcolcon.colcon_parallel_executor.executor.parallel[0m [1;30mDEBUG[0m [32mrun_until_complete finished with '0'[0m
[3.653s] [34mcolcon.colcon_core.event_reactor[0m [1;30mDEBUG[0m [32mjoining thread[0m
[3.688s] [34mcolcon.colcon_core.plugin_system[0m [1;30mINFO[0m Skipping extension 'colcon_notification.desktop_notification.notify2': 'notify2' not found
[3.688s] [34mcolcon.colcon_core.plugin_system[0m [1;30mINFO[0m Skipping extension 'colcon_notification.desktop_notification.notify_send': Not used on non-Linux systems
[3.688s] [34mcolcon.colcon_core.plugin_system[0m [1;30mINFO[0m Skipping extension 'colcon_notification.desktop_notification.terminal_notifier': Not used on non-Darwin systems
[3.688s] [34mcolcon.colcon_notification.desktop_notification[0m [1;30mINFO[0m Sending desktop notification using 'win32'
[8.822s] [34mcolcon.colcon_core.event_reactor[0m [1;30mDEBUG[0m [32mjoined thread[0m
[8.858s] [34mcolcon.colcon_core.shell[0m [1;30mINFO[0m Creating prefix script 'C:\mmi_ws\ros2_ws\src\irpublisher\install\local_setup.ps1'
[8.861s] [34mcolcon.colcon_core.shell[0m [1;30mINFO[0m Creating prefix util module 'C:\mmi_ws\ros2_ws\src\irpublisher\install\_local_setup_util_ps1.py'
[8.862s] [34mcolcon.colcon_core.shell[0m [1;30mINFO[0m Creating prefix chain script 'C:\mmi_ws\ros2_ws\src\irpublisher\install\setup.ps1'
[8.894s] [34mcolcon.colcon_core.shell[0m [1;30mINFO[0m Creating prefix script 'C:\mmi_ws\ros2_ws\src\irpublisher\install\local_setup.bat'
[8.894s] [34mcolcon.colcon_core.shell[0m [1;30mINFO[0m Creating prefix util module 'C:\mmi_ws\ros2_ws\src\irpublisher\install\_local_setup_util_bat.py'
[8.894s] [34mcolcon.colcon_core.shell[0m [1;30mINFO[0m Creating prefix chain script 'C:\mmi_ws\ros2_ws\src\irpublisher\install\setup.bat'
