[2.468s] Invoking command in 'C:\mmi_ws\ros2_ws\src\sphero': PYTHONPATH=C:\mmi_ws\ros2_ws\build\sphero\prefix_override;C:\mmi_ws\ros2_ws\install\sphero\Lib\site-packages;%PYTHONPATH% c:\python38\python.exe setup.py egg_info --egg-base ..\..\build\sphero build --build-base C:\mmi_ws\ros2_ws\build\sphero\build install --record C:\mmi_ws\ros2_ws\build\sphero\install.log --single-version-externally-managed
[2.796s] running egg_info
[2.796s] writing ..\..\build\sphero\sphero.egg-info\PKG-INFO
[2.796s] writing dependency_links to ..\..\build\sphero\sphero.egg-info\dependency_links.txt
[2.796s] writing entry points to ..\..\build\sphero\sphero.egg-info\entry_points.txt
[2.796s] writing requirements to ..\..\build\sphero\sphero.egg-info\requires.txt
[2.796s] writing top-level names to ..\..\build\sphero\sphero.egg-info\top_level.txt
[2.796s] reading manifest file '..\..\build\sphero\sphero.egg-info\SOURCES.txt'
[2.796s] writing manifest file '..\..\build\sphero\sphero.egg-info\SOURCES.txt'
[2.796s] running build
[2.796s] running build_py
[2.796s] copying sphero\move.py -> C:\mmi_ws\ros2_ws\build\sphero\build\lib\sphero
[4.171s] running install
[4.171s] running install_lib
[4.171s] copying C:\mmi_ws\ros2_ws\build\sphero\build\lib\sphero\move.py -> C:\mmi_ws\ros2_ws\install\sphero\Lib\site-packages\sphero
[4.187s] byte-compiling C:\mmi_ws\ros2_ws\install\sphero\Lib\site-packages\sphero\move.py to move.cpython-38.pyc
[4.187s] running install_data
[4.187s] running install_egg_info
[4.187s] removing 'C:\mmi_ws\ros2_ws\install\sphero\Lib\site-packages\sphero-0.0.0-py3.8.egg-info' (and everything under it)
[4.187s] Copying ..\..\build\sphero\sphero.egg-info to C:\mmi_ws\ros2_ws\install\sphero\Lib\site-packages\sphero-0.0.0-py3.8.egg-info
[4.203s] running install_scripts
[4.218s] Installing sphero-script.py script to C:\mmi_ws\ros2_ws\install\sphero\lib\sphero
[4.218s] Installing sphero.exe script to C:\mmi_ws\ros2_ws\install\sphero\lib\sphero
[4.218s] writing list of installed files to 'C:\mmi_ws\ros2_ws\build\sphero\install.log'
[4.218s] c:\python38\lib\site-packages\setuptools\command\install.py:34: SetuptoolsDeprecationWarning: setup.py install is deprecated. Use build and pip and other standards-based tools.
[4.218s]   warnings.warn(
[4.234s] Invoked command in 'C:\mmi_ws\ros2_ws\src\sphero' returned '0': PYTHONPATH=C:\mmi_ws\ros2_ws\build\sphero\prefix_override;C:\mmi_ws\ros2_ws\install\sphero\Lib\site-packages;%PYTHONPATH% c:\python38\python.exe setup.py egg_info --egg-base ..\..\build\sphero build --build-base C:\mmi_ws\ros2_ws\build\sphero\build install --record C:\mmi_ws\ros2_ws\build\sphero\install.log --single-version-externally-managed
