[0.000000] (-) TimerEvent: {}
[0.000000] (test1) JobQueued: {'identifier': 'test1', 'dependencies': OrderedDict()}
[0.000000] (test1) JobStarted: {'identifier': 'test1'}
[0.109000] (-) TimerEvent: {}
[0.218000] (-) TimerEvent: {}
[0.328000] (-) TimerEvent: {}
[0.437000] (-) TimerEvent: {}
[0.546000] (-) TimerEvent: {}
[0.656000] (-) TimerEvent: {}
[0.765000] (-) TimerEvent: {}
[0.875000] (-) TimerEvent: {}
[0.921000] (test1) Command: {'cmd': ['c:\\python38\\python.exe', 'setup.py', 'egg_info', '--egg-base', '..\\build\\test1', 'build', '--build-base', 'C:\\mmi_ws\\ros2_ws\\src\\build\\test1\\build', 'install', '--record', 'C:\\mmi_ws\\ros2_ws\\src\\build\\test1\\install.log', '--single-version-externally-managed'], 'cwd': 'C:\\mmi_ws\\ros2_ws\\src\\test1', 'env': {'SystemDrive': 'C:', 'ProgramFiles(x86)': 'C:\\Program Files (x86)', 'ProgramW6432': 'C:\\Program Files', 'ChocolateyInstall': 'C:\\ProgramData\\chocolatey', 'PROCESSOR_IDENTIFIER': 'Intel64 Family 6 Model 183 Stepping 1, GenuineIntel', 'TMP': 'C:\\Users\\tanma\\AppData\\Local\\Temp', 'PROCESSOR_ARCHITECTURE': 'AMD64', 'Path': 'C:\\Python38\\Scripts\\;C:\\Python38\\;C:\\Windows\\system32;C:\\Windows;C:\\Windows\\System32\\Wbem;C:\\Windows\\System32\\WindowsPowerShell\\v1.0\\;C:\\Windows\\System32\\OpenSSH\\;C:\\Program Files\\dotnet\\;C:\\Program Files (x86)\\NVIDIA Corporation\\PhysX\\Common;C:\\Program Files\\NVIDIA Corporation\\NVIDIA NvDLISR;C:\\WINDOWS\\system32;C:\\WINDOWS;C:\\WINDOWS\\System32\\Wbem;C:\\WINDOWS\\System32\\WindowsPowerShell\\v1.0\\;C:\\WINDOWS\\System32\\OpenSSH\\;C:\\ProgramData\\chocolatey\\bin;C:\\Program Files\\OpenSSL-Win64\\bin\\;C:\\opencv\\x64\\vc16\\bin;C:\\ProgramData\\chocolatey\\lib\\cunit\\lib;C:\\ProgramData\\chocolatey\\lib\\tinyxml2\\lib;C:\\ProgramData\\chocolatey\\lib\\bullet\\lib;C:\\xmllint\\libxml2-2.9.3-win32-x86_64;C:\\xmllint;C:\\Program Files\\Graphviz\\bin;C:\\dev\\ros2_iron\\bin;C:\\Users\\tanma\\AppData\\Local\\Microsoft\\WindowsApps;C:\\Users\\tanma\\AppData\\Local\\Programs\\Microsoft VS Code\\bin', 'PATHEXT': '.COM;.EXE;.BAT;.CMD;.VBS;.VBE;.JS;.JSE;.WSF;.WSH;.MSC;.PY;.PYW;.CPL', 'PROCESSOR_REVISION': 'b701', 'TEMP': 'C:\\Users\\tanma\\AppData\\Local\\Temp', 'USERPROFILE': 'C:\\Users\\tanma', 'CommonProgramFiles(x86)': 'C:\\Program Files (x86)\\Common Files', 'LOGONSERVER': '\\\\LAPTOP_TANMAY', 'USERNAME': 'tanma', 'SystemRoot': 'C:\\WINDOWS', 'Qt5_DIR': 'C:\\Qt\\Qt5.12.12\\5.12.12\\msvc2017_64', 'OneDrive': 'C:\\Users\\tanma\\OneDrive', 'LOCALAPPDATA': 'C:\\Users\\tanma\\AppData\\Local', 'CommonProgramFiles': 'C:\\Program Files\\Common Files', 'ZES_ENABLE_SYSMAN': '1', 'ProgramData': 'C:\\ProgramData', 'HOMEPATH': '\\Users\\tanma', 'COLCON': '1', 'IGCCSVC_DB': 'AQAAANCMnd8BFdERjHoAwE/Cl+sBAAAA4135x/o2PkSCDI/BLIN6UwQAAAACAAAAAAAQZgAAAAEAACAAAACXnPRltcRuIW8cX9vV+pgpW3NBFmd0kRHge+17+JRdoQAAAAAOgAAAAAIAACAAAAAzrciuxeFgGhQJhSGYfoXfWTqnaNsVPv5DMM9Zhw2ugmAAAADDksKkoktkTMVwsfvdIyYQCpfTBYz3KgBx2BDFAKqZQ6Kmzt7KmMBCLRKXoEtj1Apk4t/F1L7ihSco24WICyZ0Adiro+GrH0oB27osRfpIQ2rFx9YyCgq7MWpiEhB72y5AAAAAWZIsFjWCOo84shUMoQ2UG4ctG98udHh4+sGBa6Meobiw/B9eFJEzmjY0m6Hdmn5ywcObeKWRH4Lw9hYZHEVZLg==', 'COMPUTERNAME': 'LAPTOP_TANMAY', 'ALLUSERSPROFILE': 'C:\\ProgramData', 'CommonProgramW6432': 'C:\\Program Files\\Common Files', 'DriverData': 'C:\\Windows\\System32\\Drivers\\DriverData', 'HOMEDRIVE': 'C:', 'windir': 'C:\\WINDOWS', 'NUMBER_OF_PROCESSORS': '20', 'OS': 'Windows_NT', 'ProgramFiles': 'C:\\Program Files', 'ComSpec': 'C:\\WINDOWS\\system32\\cmd.exe', 'QT_QPA_PLATFORM_PLUGIN_PATH': 'C:\\Qt\\Qt5.12.12\\5.12.12\\msvc2017_64\\plugins\\platforms', 'OPENSSL_CONF': 'C:\\Program Files\\OpenSSL-Win64\\bin\\openssl.cfg', 'PSModulePath': 'C:\\Users\\tanma\\OneDrive\\Documents\\WindowsPowerShell\\Modules;C:\\Program Files\\WindowsPowerShell\\Modules;C:\\WINDOWS\\system32\\WindowsPowerShell\\v1.0\\Modules', 'APPDATA': 'C:\\Users\\tanma\\AppData\\Roaming', 'USERDOMAIN': 'LAPTOP_TANMAY', 'PROCESSOR_LEVEL': '6', 'OpenCV_DIR': 'C:\\opencv', 'ChocolateyLastPathUpdate': '133469319656981943', 'USERDOMAIN_ROAMINGPROFILE': 'LAPTOP_TANMAY', 'OneDriveConsumer': 'C:\\Users\\tanma\\OneDrive', 'PUBLIC': 'C:\\Users\\Public', 'PYTHONPATH': 'C:\\mmi_ws\\ros2_ws\\src\\build\\test1\\prefix_override;C:\\mmi_ws\\ros2_ws\\src\\install\\test1\\Lib\\site-packages;'}, 'shell': False}
[0.984000] (-) TimerEvent: {}
[1.093000] (-) TimerEvent: {}
[1.109000] (test1) StdoutLine: {'line': b'running egg_info\r\n'}
[1.109000] (test1) StdoutLine: {'line': b'writing ..\\build\\test1\\test1.egg-info\\PKG-INFO\r\n'}
[1.109000] (test1) StdoutLine: {'line': b'writing dependency_links to ..\\build\\test1\\test1.egg-info\\dependency_links.txt\r\n'}
[1.109000] (test1) StdoutLine: {'line': b'writing entry points to ..\\build\\test1\\test1.egg-info\\entry_points.txt\r\n'}
[1.109000] (test1) StdoutLine: {'line': b'writing requirements to ..\\build\\test1\\test1.egg-info\\requires.txt\r\n'}
[1.109000] (test1) StdoutLine: {'line': b'writing top-level names to ..\\build\\test1\\test1.egg-info\\top_level.txt\r\n'}
[1.125000] (test1) StdoutLine: {'line': b"reading manifest file '..\\build\\test1\\test1.egg-info\\SOURCES.txt'\r\n"}
[1.125000] (test1) StdoutLine: {'line': b"writing manifest file '..\\build\\test1\\test1.egg-info\\SOURCES.txt'\r\n"}
[1.125000] (test1) StdoutLine: {'line': b'running build\r\n'}
[1.125000] (test1) StdoutLine: {'line': b'running build_py\r\n'}
[1.125000] (test1) StdoutLine: {'line': b'running install\r\n'}
[1.125000] (test1) StdoutLine: {'line': b'running install_lib\r\n'}
[1.125000] (test1) StdoutLine: {'line': b'running install_data\r\n'}
[1.125000] (test1) StdoutLine: {'line': b'running install_egg_info\r\n'}
[1.125000] (test1) StdoutLine: {'line': b"removing 'C:\\mmi_ws\\ros2_ws\\src\\install\\test1\\Lib\\site-packages\\test1-0.0.0-py3.8.egg-info' (and everything under it)\r\n"}
[1.125000] (test1) StdoutLine: {'line': b'Copying ..\\build\\test1\\test1.egg-info to C:\\mmi_ws\\ros2_ws\\src\\install\\test1\\Lib\\site-packages\\test1-0.0.0-py3.8.egg-info\r\n'}
[1.140000] (test1) StdoutLine: {'line': b'running install_scripts\r\n'}
[1.156000] (test1) StdoutLine: {'line': b'Installing simple_test-script.py script to C:\\mmi_ws\\ros2_ws\\src\\install\\test1\\lib\\test1\r\n'}
[1.156000] (test1) StdoutLine: {'line': b'Installing simple_test.exe script to C:\\mmi_ws\\ros2_ws\\src\\install\\test1\\lib\\test1\r\n'}
[1.156000] (test1) StdoutLine: {'line': b"writing list of installed files to 'C:\\mmi_ws\\ros2_ws\\src\\build\\test1\\install.log'\r\n"}
[1.156000] (test1) StderrLine: {'line': b'c:\\python38\\lib\\site-packages\\setuptools\\command\\install.py:34: SetuptoolsDeprecationWarning: setup.py install is deprecated. Use build and pip and other standards-based tools.\r\n'}
[1.156000] (test1) StderrLine: {'line': b'  warnings.warn(\r\n'}
[1.171000] (test1) CommandEnded: {'returncode': 0}
[1.203000] (-) TimerEvent: {}
[1.203000] (test1) JobEnded: {'identifier': 'test1', 'rc': 0}
[1.203000] (-) EventReactorShutdown: {}
