[2.657s] Invoking command in 'C:\mmi_ws\ros2_ws\src\irpublisher\irpublisher': PYTHONPATH=C:\mmi_ws\ros2_ws\build\irpublisher\prefix_override;C:\mmi_ws\ros2_ws\install\irpublisher\Lib\site-packages;%PYTHONPATH% c:\python38\python.exe setup.py egg_info --egg-base ..\..\..\build\irpublisher build --build-base C:\mmi_ws\ros2_ws\build\irpublisher\build install --record C:\mmi_ws\ros2_ws\build\irpublisher\install.log --single-version-externally-managed
[2.985s] running egg_info
[2.985s] writing ..\..\..\build\irpublisher\irpublisher.egg-info\PKG-INFO
[2.985s] writing dependency_links to ..\..\..\build\irpublisher\irpublisher.egg-info\dependency_links.txt
[2.985s] writing entry points to ..\..\..\build\irpublisher\irpublisher.egg-info\entry_points.txt
[3.000s] writing requirements to ..\..\..\build\irpublisher\irpublisher.egg-info\requires.txt
[3.000s] writing top-level names to ..\..\..\build\irpublisher\irpublisher.egg-info\top_level.txt
[3.000s] reading manifest file '..\..\..\build\irpublisher\irpublisher.egg-info\SOURCES.txt'
[3.000s] writing manifest file '..\..\..\build\irpublisher\irpublisher.egg-info\SOURCES.txt'
[3.000s] running build
[3.000s] running build_py
[3.000s] running install
[3.000s] running install_lib
[3.000s] running install_data
[3.000s] running install_egg_info
[3.016s] removing 'C:\mmi_ws\ros2_ws\install\irpublisher\Lib\site-packages\irpublisher-0.0.0-py3.8.egg-info' (and everything under it)
[3.016s] Copying ..\..\..\build\irpublisher\irpublisher.egg-info to C:\mmi_ws\ros2_ws\install\irpublisher\Lib\site-packages\irpublisher-0.0.0-py3.8.egg-info
[3.016s] running install_scripts
[3.032s] Installing publish-script.py script to C:\mmi_ws\ros2_ws\install\irpublisher\lib\irpublisher
[3.032s] Installing publish.exe script to C:\mmi_ws\ros2_ws\install\irpublisher\lib\irpublisher
[3.032s] writing list of installed files to 'C:\mmi_ws\ros2_ws\build\irpublisher\install.log'
[3.032s] c:\python38\lib\site-packages\setuptools\command\install.py:34: SetuptoolsDeprecationWarning: setup.py install is deprecated. Use build and pip and other standards-based tools.
[3.032s]   warnings.warn(
[3.047s] Invoked command in 'C:\mmi_ws\ros2_ws\src\irpublisher\irpublisher' returned '0': PYTHONPATH=C:\mmi_ws\ros2_ws\build\irpublisher\prefix_override;C:\mmi_ws\ros2_ws\install\irpublisher\Lib\site-packages;%PYTHONPATH% c:\python38\python.exe setup.py egg_info --egg-base ..\..\..\build\irpublisher build --build-base C:\mmi_ws\ros2_ws\build\irpublisher\build install --record C:\mmi_ws\ros2_ws\build\irpublisher\install.log --single-version-externally-managed
