[2.531s] Invoking command in 'C:\mmi_ws\ros2_ws\src\irpublisher\irpublisher': PYTHONPATH=C:\mmi_ws\ros2_ws\build\irpublisher\prefix_override;C:\mmi_ws\ros2_ws\install\irpublisher\Lib\site-packages;%PYTHONPATH% c:\python38\python.exe setup.py egg_info --egg-base ..\..\..\build\irpublisher build --build-base C:\mmi_ws\ros2_ws\build\irpublisher\build install --record C:\mmi_ws\ros2_ws\build\irpublisher\install.log --single-version-externally-managed
[2.859s] running egg_info
[2.859s] writing ..\..\..\build\irpublisher\irpublisher.egg-info\PKG-INFO
[2.859s] writing dependency_links to ..\..\..\build\irpublisher\irpublisher.egg-info\dependency_links.txt
[2.859s] writing entry points to ..\..\..\build\irpublisher\irpublisher.egg-info\entry_points.txt
[2.859s] writing requirements to ..\..\..\build\irpublisher\irpublisher.egg-info\requires.txt
[2.859s] writing top-level names to ..\..\..\build\irpublisher\irpublisher.egg-info\top_level.txt
[2.875s] reading manifest file '..\..\..\build\irpublisher\irpublisher.egg-info\SOURCES.txt'
[2.875s] writing manifest file '..\..\..\build\irpublisher\irpublisher.egg-info\SOURCES.txt'
[2.875s] running build
[2.875s] running build_py
[2.875s] running install
[2.875s] running install_lib
[2.875s] running install_data
[2.875s] running install_egg_info
[2.875s] removing 'C:\mmi_ws\ros2_ws\install\irpublisher\Lib\site-packages\irpublisher-0.0.0-py3.8.egg-info' (and everything under it)
[2.875s] Copying ..\..\..\build\irpublisher\irpublisher.egg-info to C:\mmi_ws\ros2_ws\install\irpublisher\Lib\site-packages\irpublisher-0.0.0-py3.8.egg-info
[2.890s] running install_scripts
[2.906s] Installing publish-script.py script to C:\mmi_ws\ros2_ws\install\irpublisher\lib\irpublisher
[2.906s] Installing publish.exe script to C:\mmi_ws\ros2_ws\install\irpublisher\lib\irpublisher
[2.906s] c:\python38\lib\site-packages\setuptools\command\install.py:34: SetuptoolsDeprecationWarning: setup.py install is deprecated. Use build and pip and other standards-based tools.
[2.906s]   warnings.warn(
[2.906s] error: [Errno 13] Permission denied: 'C:\\mmi_ws\\ros2_ws\\install\\irpublisher\\lib\\irpublisher\\publish.exe'
[2.921s] Invoked command in 'C:\mmi_ws\ros2_ws\src\irpublisher\irpublisher' returned '1': PYTHONPATH=C:\mmi_ws\ros2_ws\build\irpublisher\prefix_override;C:\mmi_ws\ros2_ws\install\irpublisher\Lib\site-packages;%PYTHONPATH% c:\python38\python.exe setup.py egg_info --egg-base ..\..\..\build\irpublisher build --build-base C:\mmi_ws\ros2_ws\build\irpublisher\build install --record C:\mmi_ws\ros2_ws\build\irpublisher\install.log --single-version-externally-managed
