C:\mmi_ws\ros2_ws\install\sphero\Lib\site-packages\sphero\import os.py
C:\mmi_ws\ros2_ws\install\sphero\Lib\site-packages\sphero\move.py
C:\mmi_ws\ros2_ws\install\sphero\Lib\site-packages\sphero\spheroapi.py
C:\mmi_ws\ros2_ws\install\sphero\Lib\site-packages\sphero\testserial.py
C:\mmi_ws\ros2_ws\install\sphero\Lib\site-packages\sphero\__init__.py
C:\mmi_ws\ros2_ws\install\sphero\Lib\site-packages\sphero\__pycache__\import os.cpython-38.pyc
C:\mmi_ws\ros2_ws\install\sphero\Lib\site-packages\sphero\__pycache__\move.cpython-38.pyc
C:\mmi_ws\ros2_ws\install\sphero\Lib\site-packages\sphero\__pycache__\spheroapi.cpython-38.pyc
C:\mmi_ws\ros2_ws\install\sphero\Lib\site-packages\sphero\__pycache__\testserial.cpython-38.pyc
C:\mmi_ws\ros2_ws\install\sphero\Lib\site-packages\sphero\__pycache__\__init__.cpython-38.pyc
C:\mmi_ws\ros2_ws\install\sphero\share\ament_index\resource_index\packages\sphero
C:\mmi_ws\ros2_ws\install\sphero\share\sphero\package.xml
C:\mmi_ws\ros2_ws\install\sphero\Lib\site-packages\sphero-0.0.0-py3.8.egg-info\dependency_links.txt
C:\mmi_ws\ros2_ws\install\sphero\Lib\site-packages\sphero-0.0.0-py3.8.egg-info\entry_points.txt
C:\mmi_ws\ros2_ws\install\sphero\Lib\site-packages\sphero-0.0.0-py3.8.egg-info\PKG-INFO
C:\mmi_ws\ros2_ws\install\sphero\Lib\site-packages\sphero-0.0.0-py3.8.egg-info\requires.txt
C:\mmi_ws\ros2_ws\install\sphero\Lib\site-packages\sphero-0.0.0-py3.8.egg-info\SOURCES.txt
C:\mmi_ws\ros2_ws\install\sphero\Lib\site-packages\sphero-0.0.0-py3.8.egg-info\top_level.txt
C:\mmi_ws\ros2_ws\install\sphero\Lib\site-packages\sphero-0.0.0-py3.8.egg-info\zip-safe
C:\mmi_ws\ros2_ws\install\sphero\lib\sphero\sphero-script.py
C:\mmi_ws\ros2_ws\install\sphero\lib\sphero\sphero.exe
