[0.267s] [34mcolcon[0m [1;30mDEBUG[0m [32mCommand line arguments: ['C:\\Python38\\Scripts\\colcon', 'build'][0m
[0.267s] [34mcolcon[0m [1;30mDEBUG[0m [32mParsed command line arguments: Namespace(ament_cmake_args=None, base_paths=['.'], build_base='build', catkin_cmake_args=None, catkin_skip_building_tests=False, cmake_args=None, cmake_clean_cache=False, cmake_clean_first=False, cmake_force_configure=False, cmake_target=None, cmake_target_skip_unavailable=False, continue_on_error=False, event_handlers=None, executor='parallel', ignore_user_meta=False, install_base='install', log_base=None, log_level=None, main=<bound method BuildVerb.main of <colcon_core.verb.build.BuildVerb object at 0x000001FAF7DC5970>>, merge_install=False, metas=['./colcon.meta'], packages_above=None, packages_above_and_dependencies=None, packages_above_depth=None, packages_end=None, packages_ignore=None, packages_ignore_regex=None, packages_select=None, packages_select_build_failed=False, packages_select_by_dep=None, packages_select_regex=None, packages_select_test_failures=False, packages_skip=None, packages_skip_build_finished=False, packages_skip_by_dep=None, packages_skip_regex=None, packages_skip_test_passed=False, packages_skip_up_to=None, packages_start=None, packages_up_to=None, packages_up_to_regex=None, parallel_workers=20, paths=None, symlink_install=False, test_result_base=None, verb_extension=<colcon_core.verb.build.BuildVerb object at 0x000001FAF7DC5970>, verb_name='build', verb_parser=<colcon_defaults.argument_parser.defaults.DefaultArgumentsDecorator object at 0x000001FAF820CA60>)[0m
[0.314s] [34mcolcon.colcon_core.package_discovery[0m [1;30mLevel 1[0m discover_packages(colcon_meta) check parameters
[0.314s] [34mcolcon.colcon_core.package_discovery[0m [1;30mLevel 1[0m discover_packages(recursive) check parameters
[0.314s] [34mcolcon.colcon_core.package_discovery[0m [1;30mLevel 1[0m discover_packages(ignore) check parameters
[0.314s] [34mcolcon.colcon_core.package_discovery[0m [1;30mLevel 1[0m discover_packages(path) check parameters
[0.314s] [34mcolcon.colcon_core.package_discovery[0m [1;30mLevel 1[0m discover_packages(colcon_meta) discover
[0.314s] [34mcolcon.colcon_core.package_discovery[0m [1;30mLevel 1[0m discover_packages(recursive) discover
[0.314s] [34mcolcon.colcon_core.package_discovery[0m [1;30mINFO[0m Crawling recursively for packages in 'C:\mmi_ws\ros2_ws\src'
[0.314s] [34mcolcon.colcon_core.package_identification[0m [1;30mLevel 1[0m _identify(.) by extensions ['ignore', 'ignore_ament_install']
[0.314s] [34mcolcon.colcon_core.package_identification[0m [1;30mLevel 1[0m _identify(.) by extension 'ignore'
[0.314s] [34mcolcon.colcon_core.package_identification[0m [1;30mLevel 1[0m _identify(.) by extension 'ignore_ament_install'
[0.314s] [34mcolcon.colcon_core.package_identification[0m [1;30mLevel 1[0m _identify(.) by extensions ['colcon_pkg']
[0.314s] [34mcolcon.colcon_core.package_identification[0m [1;30mLevel 1[0m _identify(.) by extension 'colcon_pkg'
[0.314s] [34mcolcon.colcon_core.package_identification[0m [1;30mLevel 1[0m _identify(.) by extensions ['colcon_meta']
[0.314s] [34mcolcon.colcon_core.package_identification[0m [1;30mLevel 1[0m _identify(.) by extension 'colcon_meta'
[0.314s] [34mcolcon.colcon_core.package_identification[0m [1;30mLevel 1[0m _identify(.) by extensions ['ros']
[0.314s] [34mcolcon.colcon_core.package_identification[0m [1;30mLevel 1[0m _identify(.) by extension 'ros'
[0.314s] [34mcolcon.colcon_core.package_identification[0m [1;30mLevel 1[0m _identify(.) by extensions ['cmake', 'python']
[0.314s] [34mcolcon.colcon_core.package_identification[0m [1;30mLevel 1[0m _identify(.) by extension 'cmake'
[0.314s] [34mcolcon.colcon_core.package_identification[0m [1;30mLevel 1[0m _identify(.) by extension 'python'
[0.314s] [34mcolcon.colcon_core.package_identification[0m [1;30mLevel 1[0m _identify(.) by extensions ['python_setup_py']
[0.314s] [34mcolcon.colcon_core.package_identification[0m [1;30mLevel 1[0m _identify(.) by extension 'python_setup_py'
[0.314s] [34mcolcon.colcon_core.package_identification[0m [1;30mLevel 1[0m _identify(build) by extensions ['ignore', 'ignore_ament_install']
[0.314s] [34mcolcon.colcon_core.package_identification[0m [1;30mLevel 1[0m _identify(build) by extension 'ignore'
[0.314s] [34mcolcon.colcon_core.package_identification[0m [1;30mLevel 1[0m _identify(build) ignored
[0.314s] [34mcolcon.colcon_core.package_identification[0m [1;30mLevel 1[0m _identify(install) by extensions ['ignore', 'ignore_ament_install']
[0.314s] [34mcolcon.colcon_core.package_identification[0m [1;30mLevel 1[0m _identify(install) by extension 'ignore'
[0.314s] [34mcolcon.colcon_core.package_identification[0m [1;30mLevel 1[0m _identify(install) ignored
[0.314s] [34mcolcon.colcon_core.package_identification[0m [1;30mLevel 1[0m _identify(log) by extensions ['ignore', 'ignore_ament_install']
[0.314s] [34mcolcon.colcon_core.package_identification[0m [1;30mLevel 1[0m _identify(log) by extension 'ignore'
[0.314s] [34mcolcon.colcon_core.package_identification[0m [1;30mLevel 1[0m _identify(log) ignored
[0.314s] [34mcolcon.colcon_core.package_identification[0m [1;30mLevel 1[0m _identify(test1) by extensions ['ignore', 'ignore_ament_install']
[0.314s] [34mcolcon.colcon_core.package_identification[0m [1;30mLevel 1[0m _identify(test1) by extension 'ignore'
[0.314s] [34mcolcon.colcon_core.package_identification[0m [1;30mLevel 1[0m _identify(test1) by extension 'ignore_ament_install'
[0.314s] [34mcolcon.colcon_core.package_identification[0m [1;30mLevel 1[0m _identify(test1) by extensions ['colcon_pkg']
[0.314s] [34mcolcon.colcon_core.package_identification[0m [1;30mLevel 1[0m _identify(test1) by extension 'colcon_pkg'
[0.314s] [34mcolcon.colcon_core.package_identification[0m [1;30mLevel 1[0m _identify(test1) by extensions ['colcon_meta']
[0.314s] [34mcolcon.colcon_core.package_identification[0m [1;30mLevel 1[0m _identify(test1) by extension 'colcon_meta'
[0.314s] [34mcolcon.colcon_core.package_identification[0m [1;30mLevel 1[0m _identify(test1) by extensions ['ros']
[0.314s] [34mcolcon.colcon_core.package_identification[0m [1;30mLevel 1[0m _identify(test1) by extension 'ros'
[0.330s] [34mcolcon.colcon_core.package_identification[0m [1;30mDEBUG[0m [32mPackage 'test1' with type 'ros.ament_python' and name 'test1'[0m
[0.330s] [34mcolcon.colcon_core.package_discovery[0m [1;30mLevel 1[0m discover_packages(recursive) using defaults
[0.330s] [34mcolcon.colcon_core.package_discovery[0m [1;30mLevel 1[0m discover_packages(ignore) discover
[0.330s] [34mcolcon.colcon_core.package_discovery[0m [1;30mLevel 1[0m discover_packages(ignore) using defaults
[0.330s] [34mcolcon.colcon_core.package_discovery[0m [1;30mLevel 1[0m discover_packages(path) discover
[0.330s] [34mcolcon.colcon_core.package_discovery[0m [1;30mLevel 1[0m discover_packages(path) using defaults
[0.440s] [34mcolcon.colcon_core.verb[0m [1;30mLevel 5[0m set package 'test1' build argument 'cmake_args' from command line to 'None'
[0.440s] [34mcolcon.colcon_core.verb[0m [1;30mLevel 5[0m set package 'test1' build argument 'cmake_target' from command line to 'None'
[0.440s] [34mcolcon.colcon_core.verb[0m [1;30mLevel 5[0m set package 'test1' build argument 'cmake_target_skip_unavailable' from command line to 'False'
[0.440s] [34mcolcon.colcon_core.verb[0m [1;30mLevel 5[0m set package 'test1' build argument 'cmake_clean_cache' from command line to 'False'
[0.440s] [34mcolcon.colcon_core.verb[0m [1;30mLevel 5[0m set package 'test1' build argument 'cmake_clean_first' from command line to 'False'
[0.440s] [34mcolcon.colcon_core.verb[0m [1;30mLevel 5[0m set package 'test1' build argument 'cmake_force_configure' from command line to 'False'
[0.440s] [34mcolcon.colcon_core.verb[0m [1;30mLevel 5[0m set package 'test1' build argument 'ament_cmake_args' from command line to 'None'
[0.440s] [34mcolcon.colcon_core.verb[0m [1;30mLevel 5[0m set package 'test1' build argument 'catkin_cmake_args' from command line to 'None'
[0.440s] [34mcolcon.colcon_core.verb[0m [1;30mLevel 5[0m set package 'test1' build argument 'catkin_skip_building_tests' from command line to 'False'
[0.440s] [34mcolcon.colcon_core.verb[0m [1;30mDEBUG[0m [32mBuilding package 'test1' with the following arguments: {'ament_cmake_args': None, 'build_base': 'C:\\mmi_ws\\ros2_ws\\src\\build\\test1', 'catkin_cmake_args': None, 'catkin_skip_building_tests': False, 'cmake_args': None, 'cmake_clean_cache': False, 'cmake_clean_first': False, 'cmake_force_configure': False, 'cmake_target': None, 'cmake_target_skip_unavailable': False, 'install_base': 'C:\\mmi_ws\\ros2_ws\\src\\install\\test1', 'merge_install': False, 'path': 'C:\\mmi_ws\\ros2_ws\\src\\test1', 'symlink_install': False, 'test_result_base': None}[0m
[0.440s] [34mcolcon.colcon_core.executor[0m [1;30mINFO[0m Executing jobs using 'parallel' executor
[0.455s] [34mcolcon.colcon_parallel_executor.executor.parallel[0m [1;30mDEBUG[0m [32mrun_until_complete[0m
[0.455s] [34mcolcon.colcon_ros.task.ament_python.build[0m [1;30mINFO[0m Building ROS package in 'C:\mmi_ws\ros2_ws\src\test1' with build type 'ament_python'
[0.455s] [34mcolcon.colcon_core.shell[0m [1;30mLevel 1[0m create_environment_hook('test1', 'ament_prefix_path')
[0.477s] [34mcolcon.colcon_core.plugin_system[0m [1;30mINFO[0m Skipping extension 'colcon_core.shell.sh': Not used on Windows systems
[0.477s] [34mcolcon.colcon_core.shell[0m [1;30mINFO[0m Creating environment hook 'C:\mmi_ws\ros2_ws\src\install\test1\share\test1\hook\ament_prefix_path.ps1'
[0.477s] [34mcolcon.colcon_core.shell[0m [1;30mINFO[0m Creating environment hook 'C:\mmi_ws\ros2_ws\src\install\test1\share\test1\hook\ament_prefix_path.bat'
[0.477s] [34mcolcon.colcon_core.shell[0m [1;30mINFO[0m Creating environment descriptor 'C:\mmi_ws\ros2_ws\src\install\test1\share\test1\hook\ament_prefix_path.dsv'
[0.896s] [34mcolcon.colcon_core.task.python.build[0m [1;30mINFO[0m Building Python package in 'C:\mmi_ws\ros2_ws\src\test1'
[1.383s] [34mcolcon.colcon_core.event_handler.log_command[0m [1;30mDEBUG[0m [32mInvoking command in 'C:\mmi_ws\ros2_ws\src\test1': PYTHONPATH=C:\mmi_ws\ros2_ws\src\build\test1\prefix_override;C:\mmi_ws\ros2_ws\src\install\test1\Lib\site-packages; c:\python38\python.exe setup.py egg_info --egg-base ..\build\test1 build --build-base C:\mmi_ws\ros2_ws\src\build\test1\build install --record C:\mmi_ws\ros2_ws\src\build\test1\install.log --single-version-externally-managed[0m
[1.619s] [34mcolcon.colcon_core.event_handler.log_command[0m [1;30mDEBUG[0m [32mInvoked command in 'C:\mmi_ws\ros2_ws\src\test1' returned '0': PYTHONPATH=C:\mmi_ws\ros2_ws\src\build\test1\prefix_override;C:\mmi_ws\ros2_ws\src\install\test1\Lib\site-packages; c:\python38\python.exe setup.py egg_info --egg-base ..\build\test1 build --build-base C:\mmi_ws\ros2_ws\src\build\test1\build install --record C:\mmi_ws\ros2_ws\src\build\test1\install.log --single-version-externally-managed[0m
[1.635s] [34mcolcon.colcon_core.environment[0m [1;30mLevel 1[0m checking 'C:\mmi_ws\ros2_ws\src\install\test1' for CMake module files
[1.635s] [34mcolcon.colcon_core.environment[0m [1;30mLevel 1[0m checking 'C:\mmi_ws\ros2_ws\src\install\test1' for CMake config files
[1.635s] [34mcolcon.colcon_core.environment[0m [1;30mLevel 1[0m checking 'C:\mmi_ws\ros2_ws\src\install\test1\bin'
[1.635s] [34mcolcon.colcon_core.environment[0m [1;30mLevel 1[0m checking 'C:\mmi_ws\ros2_ws\src\install\test1\bin'
[1.635s] [34mcolcon.colcon_core.environment[0m [1;30mLevel 1[0m checking 'C:\mmi_ws\ros2_ws\src\install\test1\lib\pkgconfig\test1.pc'
[1.635s] [34mcolcon.colcon_core.environment[0m [1;30mLevel 1[0m checking 'C:\mmi_ws\ros2_ws\src\install\test1\Lib\site-packages'
[1.635s] [34mcolcon.colcon_core.shell[0m [1;30mLevel 1[0m create_environment_hook('test1', 'pythonpath')
[1.635s] [34mcolcon.colcon_core.shell[0m [1;30mINFO[0m Creating environment hook 'C:\mmi_ws\ros2_ws\src\install\test1\share\test1\hook\pythonpath.ps1'
[1.635s] [34mcolcon.colcon_core.shell[0m [1;30mINFO[0m Creating environment hook 'C:\mmi_ws\ros2_ws\src\install\test1\share\test1\hook\pythonpath.bat'
[1.635s] [34mcolcon.colcon_core.shell[0m [1;30mINFO[0m Creating environment descriptor 'C:\mmi_ws\ros2_ws\src\install\test1\share\test1\hook\pythonpath.dsv'
[1.635s] [34mcolcon.colcon_core.environment[0m [1;30mLevel 1[0m checking 'C:\mmi_ws\ros2_ws\src\install\test1\Scripts'
[1.635s] [34mcolcon.colcon_core.environment[0m [1;30mLevel 1[0m create_environment_scripts_only(test1)
[1.650s] [34mcolcon.colcon_core.shell[0m [1;30mINFO[0m Creating package script 'C:\mmi_ws\ros2_ws\src\install\test1\share\test1\package.ps1'
[1.650s] [34mcolcon.colcon_core.shell[0m [1;30mINFO[0m Creating package script 'C:\mmi_ws\ros2_ws\src\install\test1\share\test1\package.bat'
[1.650s] [34mcolcon.colcon_core.shell[0m [1;30mINFO[0m Creating package descriptor 'C:\mmi_ws\ros2_ws\src\install\test1\share\test1\package.dsv'
[1.650s] [34mcolcon.colcon_core.environment[0m [1;30mLevel 1[0m create_file_with_runtime_dependencies(C:\mmi_ws\ros2_ws\src\install\test1\share\colcon-core\packages\test1)
[1.650s] [34mcolcon.colcon_parallel_executor.executor.parallel[0m [1;30mDEBUG[0m [32mclosing loop[0m
[1.650s] [34mcolcon.colcon_parallel_executor.executor.parallel[0m [1;30mDEBUG[0m [32mloop closed[0m
[1.650s] [34mcolcon.colcon_parallel_executor.executor.parallel[0m [1;30mDEBUG[0m [32mrun_until_complete finished with '0'[0m
[1.650s] [34mcolcon.colcon_core.event_reactor[0m [1;30mDEBUG[0m [32mjoining thread[0m
[1.666s] [34mcolcon.colcon_core.plugin_system[0m [1;30mINFO[0m Skipping extension 'colcon_notification.desktop_notification.notify2': 'notify2' not found
[1.666s] [34mcolcon.colcon_core.plugin_system[0m [1;30mINFO[0m Skipping extension 'colcon_notification.desktop_notification.notify_send': Not used on non-Linux systems
[1.666s] [34mcolcon.colcon_core.plugin_system[0m [1;30mINFO[0m Skipping extension 'colcon_notification.desktop_notification.terminal_notifier': Not used on non-Darwin systems
[1.666s] [34mcolcon.colcon_notification.desktop_notification[0m [1;30mINFO[0m Sending desktop notification using 'win32'
[6.703s] [34mcolcon.colcon_core.event_reactor[0m [1;30mDEBUG[0m [32mjoined thread[0m
[6.720s] [34mcolcon.colcon_core.shell[0m [1;30mINFO[0m Creating prefix script 'C:\mmi_ws\ros2_ws\src\install\local_setup.ps1'
[6.720s] [34mcolcon.colcon_core.shell[0m [1;30mINFO[0m Creating prefix util module 'C:\mmi_ws\ros2_ws\src\install\_local_setup_util_ps1.py'
[6.720s] [34mcolcon.colcon_core.shell[0m [1;30mINFO[0m Creating prefix chain script 'C:\mmi_ws\ros2_ws\src\install\setup.ps1'
[6.720s] [34mcolcon.colcon_core.shell[0m [1;30mINFO[0m Creating prefix script 'C:\mmi_ws\ros2_ws\src\install\local_setup.bat'
[6.720s] [34mcolcon.colcon_core.shell[0m [1;30mINFO[0m Creating prefix util module 'C:\mmi_ws\ros2_ws\src\install\_local_setup_util_bat.py'
[6.735s] [34mcolcon.colcon_core.shell[0m [1;30mINFO[0m Creating prefix chain script 'C:\mmi_ws\ros2_ws\src\install\setup.bat'
