running egg_info
creating ..\build\irpublisher\irpublisher.egg-info
writing ..\build\irpublisher\irpublisher.egg-info\PKG-INFO
writing dependency_links to ..\build\irpublisher\irpublisher.egg-info\dependency_links.txt
writing entry points to ..\build\irpublisher\irpublisher.egg-info\entry_points.txt
writing requirements to ..\build\irpublisher\irpublisher.egg-info\requires.txt
writing top-level names to ..\build\irpublisher\irpublisher.egg-info\top_level.txt
writing manifest file '..\build\irpublisher\irpublisher.egg-info\SOURCES.txt'
reading manifest file '..\build\irpublisher\irpublisher.egg-info\SOURCES.txt'
writing manifest file '..\build\irpublisher\irpublisher.egg-info\SOURCES.txt'
running build
running build_py
creating C:\mmi_ws\ros2_ws\src\irpublisher\build\irpublisher\build
creating C:\mmi_ws\ros2_ws\src\irpublisher\build\irpublisher\build\lib
creating C:\mmi_ws\ros2_ws\src\irpublisher\build\irpublisher\build\lib\irpublisher
copying irpublisher\testserial.py -> C:\mmi_ws\ros2_ws\src\irpublisher\build\irpublisher\build\lib\irpublisher
copying irpublisher\__init__.py -> C:\mmi_ws\ros2_ws\src\irpublisher\build\irpublisher\build\lib\irpublisher
running install
running install_lib
creating C:\mmi_ws\ros2_ws\src\irpublisher\install\irpublisher\Lib\site-packages\irpublisher
copying C:\mmi_ws\ros2_ws\src\irpublisher\build\irpublisher\build\lib\irpublisher\testserial.py -> C:\mmi_ws\ros2_ws\src\irpublisher\install\irpublisher\Lib\site-packages\irpublisher
copying C:\mmi_ws\ros2_ws\src\irpublisher\build\irpublisher\build\lib\irpublisher\__init__.py -> C:\mmi_ws\ros2_ws\src\irpublisher\install\irpublisher\Lib\site-packages\irpublisher
byte-compiling C:\mmi_ws\ros2_ws\src\irpublisher\install\irpublisher\Lib\site-packages\irpublisher\testserial.py to testserial.cpython-38.pyc
byte-compiling C:\mmi_ws\ros2_ws\src\irpublisher\install\irpublisher\Lib\site-packages\irpublisher\__init__.py to __init__.cpython-38.pyc
running install_data
creating C:\mmi_ws\ros2_ws\src\irpublisher\install\irpublisher\share\ament_index
creating C:\mmi_ws\ros2_ws\src\irpublisher\install\irpublisher\share\ament_index\resource_index
creating C:\mmi_ws\ros2_ws\src\irpublisher\install\irpublisher\share\ament_index\resource_index\packages
copying resource\irpublisher -> C:\mmi_ws\ros2_ws\src\irpublisher\install\irpublisher\share\ament_index\resource_index\packages
copying package.xml -> C:\mmi_ws\ros2_ws\src\irpublisher\install\irpublisher\share\irpublisher
running install_egg_info
Copying ..\build\irpublisher\irpublisher.egg-info to C:\mmi_ws\ros2_ws\src\irpublisher\install\irpublisher\Lib\site-packages\irpublisher-0.0.0-py3.8.egg-info
running install_scripts
writing list of installed files to 'C:\mmi_ws\ros2_ws\src\irpublisher\build\irpublisher\install.log'
c:\python38\lib\site-packages\setuptools\command\install.py:34: SetuptoolsDeprecationWarning: setup.py install is deprecated. Use build and pip and other standards-based tools.
  warnings.warn(
