[2.125s] Invoking command in 'C:\mmi_ws\ros2_ws\src\sphero': PYTHONPATH=C:\mmi_ws\ros2_ws\build\sphero\prefix_override;C:\mmi_ws\ros2_ws\install\sphero\Lib\site-packages;%PYTHONPATH% c:\python38\python.exe setup.py egg_info --egg-base ..\..\build\sphero build --build-base C:\mmi_ws\ros2_ws\build\sphero\build install --record C:\mmi_ws\ros2_ws\build\sphero\install.log --single-version-externally-managed
[2.391s] running egg_info
[2.406s] creating ..\..\build\sphero\sphero.egg-info
[2.406s] writing ..\..\build\sphero\sphero.egg-info\PKG-INFO
[2.406s] writing dependency_links to ..\..\build\sphero\sphero.egg-info\dependency_links.txt
[2.406s] writing entry points to ..\..\build\sphero\sphero.egg-info\entry_points.txt
[2.406s] writing requirements to ..\..\build\sphero\sphero.egg-info\requires.txt
[2.406s] writing top-level names to ..\..\build\sphero\sphero.egg-info\top_level.txt
[2.406s] writing manifest file '..\..\build\sphero\sphero.egg-info\SOURCES.txt'
[2.406s] reading manifest file '..\..\build\sphero\sphero.egg-info\SOURCES.txt'
[2.406s] writing manifest file '..\..\build\sphero\sphero.egg-info\SOURCES.txt'
[2.406s] running build
[2.406s] running build_py
[2.406s] creating C:\mmi_ws\ros2_ws\build\sphero\build
[2.406s] creating C:\mmi_ws\ros2_ws\build\sphero\build\lib
[2.406s] creating C:\mmi_ws\ros2_ws\build\sphero\build\lib\sphero
[2.406s] copying sphero\import os.py -> C:\mmi_ws\ros2_ws\build\sphero\build\lib\sphero
[2.437s] copying sphero\move.py -> C:\mmi_ws\ros2_ws\build\sphero\build\lib\sphero
[2.469s] copying sphero\spheroapi.py -> C:\mmi_ws\ros2_ws\build\sphero\build\lib\sphero
[2.516s] copying sphero\__init__.py -> C:\mmi_ws\ros2_ws\build\sphero\build\lib\sphero
[2.516s] running install
[2.547s] running install_lib
[2.562s] creating C:\mmi_ws\ros2_ws\install\sphero\Lib\site-packages\sphero
[2.562s] copying C:\mmi_ws\ros2_ws\build\sphero\build\lib\sphero\import os.py -> C:\mmi_ws\ros2_ws\install\sphero\Lib\site-packages\sphero
[2.594s] copying C:\mmi_ws\ros2_ws\build\sphero\build\lib\sphero\move.py -> C:\mmi_ws\ros2_ws\install\sphero\Lib\site-packages\sphero
[2.594s] copying C:\mmi_ws\ros2_ws\build\sphero\build\lib\sphero\spheroapi.py -> C:\mmi_ws\ros2_ws\install\sphero\Lib\site-packages\sphero
[2.609s] copying C:\mmi_ws\ros2_ws\build\sphero\build\lib\sphero\__init__.py -> C:\mmi_ws\ros2_ws\install\sphero\Lib\site-packages\sphero
[2.609s] byte-compiling C:\mmi_ws\ros2_ws\install\sphero\Lib\site-packages\sphero\import os.py to import os.cpython-38.pyc
[2.641s] byte-compiling C:\mmi_ws\ros2_ws\install\sphero\Lib\site-packages\sphero\move.py to move.cpython-38.pyc
[2.656s] byte-compiling C:\mmi_ws\ros2_ws\install\sphero\Lib\site-packages\sphero\spheroapi.py to spheroapi.cpython-38.pyc
[2.656s] byte-compiling C:\mmi_ws\ros2_ws\install\sphero\Lib\site-packages\sphero\__init__.py to __init__.cpython-38.pyc
[2.672s] running install_data
[2.672s] creating C:\mmi_ws\ros2_ws\install\sphero\share\ament_index
[2.672s] creating C:\mmi_ws\ros2_ws\install\sphero\share\ament_index\resource_index
[2.672s] creating C:\mmi_ws\ros2_ws\install\sphero\share\ament_index\resource_index\packages
[2.672s] copying resource\sphero -> C:\mmi_ws\ros2_ws\install\sphero\share\ament_index\resource_index\packages
[2.672s] copying package.xml -> C:\mmi_ws\ros2_ws\install\sphero\share\sphero
[2.672s] running install_egg_info
[2.672s] Copying ..\..\build\sphero\sphero.egg-info to C:\mmi_ws\ros2_ws\install\sphero\Lib\site-packages\sphero-0.0.0-py3.8.egg-info
[2.672s] running install_scripts
[2.703s] Installing sphero_move-script.py script to C:\mmi_ws\ros2_ws\install\sphero\lib\sphero
[2.703s] Installing sphero_move.exe script to C:\mmi_ws\ros2_ws\install\sphero\lib\sphero
[2.703s] writing list of installed files to 'C:\mmi_ws\ros2_ws\build\sphero\install.log'
[2.703s] c:\python38\lib\site-packages\setuptools\command\install.py:34: SetuptoolsDeprecationWarning: setup.py install is deprecated. Use build and pip and other standards-based tools.
[2.703s]   warnings.warn(
[2.719s] Invoked command in 'C:\mmi_ws\ros2_ws\src\sphero' returned '0': PYTHONPATH=C:\mmi_ws\ros2_ws\build\sphero\prefix_override;C:\mmi_ws\ros2_ws\install\sphero\Lib\site-packages;%PYTHONPATH% c:\python38\python.exe setup.py egg_info --egg-base ..\..\build\sphero build --build-base C:\mmi_ws\ros2_ws\build\sphero\build install --record C:\mmi_ws\ros2_ws\build\sphero\install.log --single-version-externally-managed
