running egg_info
writing ..\..\..\build\irpublisher\irpublisher.egg-info\PKG-INFO
writing dependency_links to ..\..\..\build\irpublisher\irpublisher.egg-info\dependency_links.txt
writing entry points to ..\..\..\build\irpublisher\irpublisher.egg-info\entry_points.txt
writing requirements to ..\..\..\build\irpublisher\irpublisher.egg-info\requires.txt
writing top-level names to ..\..\..\build\irpublisher\irpublisher.egg-info\top_level.txt
reading manifest file '..\..\..\build\irpublisher\irpublisher.egg-info\SOURCES.txt'
writing manifest file '..\..\..\build\irpublisher\irpublisher.egg-info\SOURCES.txt'
running build
running build_py
copying irpublisher\testserial.py -> C:\mmi_ws\ros2_ws\build\irpublisher\build\lib\irpublisher
running install
running install_lib
copying C:\mmi_ws\ros2_ws\build\irpublisher\build\lib\irpublisher\testserial.py -> C:\mmi_ws\ros2_ws\install\irpublisher\Lib\site-packages\irpublisher
byte-compiling C:\mmi_ws\ros2_ws\install\irpublisher\Lib\site-packages\irpublisher\testserial.py to testserial.cpython-38.pyc
running install_data
running install_egg_info
removing 'C:\mmi_ws\ros2_ws\install\irpublisher\Lib\site-packages\irpublisher-0.0.0-py3.8.egg-info' (and everything under it)
Copying ..\..\..\build\irpublisher\irpublisher.egg-info to C:\mmi_ws\ros2_ws\install\irpublisher\Lib\site-packages\irpublisher-0.0.0-py3.8.egg-info
running install_scripts
Installing publish-script.py script to C:\mmi_ws\ros2_ws\install\irpublisher\lib\irpublisher
Installing publish.exe script to C:\mmi_ws\ros2_ws\install\irpublisher\lib\irpublisher
writing list of installed files to 'C:\mmi_ws\ros2_ws\build\irpublisher\install.log'
