running egg_info
writing ..\..\build\sphero\sphero.egg-info\PKG-INFO
writing dependency_links to ..\..\build\sphero\sphero.egg-info\dependency_links.txt
writing entry points to ..\..\build\sphero\sphero.egg-info\entry_points.txt
writing requirements to ..\..\build\sphero\sphero.egg-info\requires.txt
writing top-level names to ..\..\build\sphero\sphero.egg-info\top_level.txt
reading manifest file '..\..\build\sphero\sphero.egg-info\SOURCES.txt'
writing manifest file '..\..\build\sphero\sphero.egg-info\SOURCES.txt'
running build
running build_py
running install
running install_lib
running install_data
running install_egg_info
removing 'C:\mmi_ws\ros2_ws\install\sphero\Lib\site-packages\sphero-0.0.0-py3.8.egg-info' (and everything under it)
Copying ..\..\build\sphero\sphero.egg-info to C:\mmi_ws\ros2_ws\install\sphero\Lib\site-packages\sphero-0.0.0-py3.8.egg-info
running install_scripts
Installing sphero_move-script.py script to C:\mmi_ws\ros2_ws\install\sphero\lib\sphero
Installing sphero_move.exe script to C:\mmi_ws\ros2_ws\install\sphero\lib\sphero
writing list of installed files to 'C:\mmi_ws\ros2_ws\build\sphero\install.log'
