[1.375s] Invoking command in 'C:\mmi_ws\ros2_ws\src\sphero': PYTHONPATH=C:\mmi_ws\ros2_ws\build\sphero\prefix_override;C:\mmi_ws\ros2_ws\install\sphero\Lib\site-packages;%PYTHONPATH% c:\python38\python.exe setup.py egg_info --egg-base ..\..\build\sphero build --build-base C:\mmi_ws\ros2_ws\build\sphero\build install --record C:\mmi_ws\ros2_ws\build\sphero\install.log --single-version-externally-managed
[1.657s] running egg_info
[1.657s] writing ..\..\build\sphero\sphero.egg-info\PKG-INFO
[1.657s] writing dependency_links to ..\..\build\sphero\sphero.egg-info\dependency_links.txt
[1.657s] writing entry points to ..\..\build\sphero\sphero.egg-info\entry_points.txt
[1.657s] writing requirements to ..\..\build\sphero\sphero.egg-info\requires.txt
[1.657s] writing top-level names to ..\..\build\sphero\sphero.egg-info\top_level.txt
[1.657s] reading manifest file '..\..\build\sphero\sphero.egg-info\SOURCES.txt'
[1.672s] writing manifest file '..\..\build\sphero\sphero.egg-info\SOURCES.txt'
[1.672s] running build
[1.672s] running build_py
[1.672s] running install
[1.672s] running install_lib
[1.672s] running install_data
[1.672s] running install_egg_info
[1.672s] removing 'C:\mmi_ws\ros2_ws\install\sphero\Lib\site-packages\sphero-0.0.0-py3.8.egg-info' (and everything under it)
[1.672s] Copying ..\..\build\sphero\sphero.egg-info to C:\mmi_ws\ros2_ws\install\sphero\Lib\site-packages\sphero-0.0.0-py3.8.egg-info
[1.672s] running install_scripts
[1.688s] Installing sphero_move-script.py script to C:\mmi_ws\ros2_ws\install\sphero\lib\sphero
[1.688s] Installing sphero_move.exe script to C:\mmi_ws\ros2_ws\install\sphero\lib\sphero
[1.704s] writing list of installed files to 'C:\mmi_ws\ros2_ws\build\sphero\install.log'
[1.704s] c:\python38\lib\site-packages\setuptools\command\install.py:34: SetuptoolsDeprecationWarning: setup.py install is deprecated. Use build and pip and other standards-based tools.
[1.704s]   warnings.warn(
[1.704s] Invoked command in 'C:\mmi_ws\ros2_ws\src\sphero' returned '0': PYTHONPATH=C:\mmi_ws\ros2_ws\build\sphero\prefix_override;C:\mmi_ws\ros2_ws\install\sphero\Lib\site-packages;%PYTHONPATH% c:\python38\python.exe setup.py egg_info --egg-base ..\..\build\sphero build --build-base C:\mmi_ws\ros2_ws\build\sphero\build install --record C:\mmi_ws\ros2_ws\build\sphero\install.log --single-version-externally-managed
